2016-05-04 16:37:42 dev_log : [INFO] retrycount=2
2016-05-04 16:37:42 dev_log : [INFO] sourceCodeDir=src/test
2016-05-04 16:37:42 dev_log : [INFO] sourceCodeEncoding=UTF-8
2016-05-04 16:37:42 dev_log : [INFO] 当前日期:20160503
2016-05-04 16:37:42 dev_log : [INFO] 当前时间:1426
2016-05-04 16:37:42 dev_log : [INFO] MobileCapabilityType.filePath = apps
2016-05-04 16:37:42 dev_log : [INFO] MobileCapabilityType.appName = XiaonengChatDemo3.apk
2016-05-04 16:37:42 dev_log : [INFO] MobileCapabilityType.platformName = Android
2016-05-04 16:37:42 dev_log : [INFO] MobileCapabilityType.platformVersion = 4.4.2
2016-05-04 16:37:42 dev_log : [INFO] MobileCapabilityType.deviceName = 
2016-05-04 16:37:42 dev_log : [INFO] MobileCapabilityType.appPackage = com.example.androidsdk
2016-05-04 16:37:42 dev_log : [INFO] MobileCapabilityType.appActivity = com.example.androidsdk.MainActivity
2016-05-04 16:37:42 dev_log : [INFO] MobileCapabilityType.port = 5743
2016-05-04 16:37:42 dev_log : [INFO] MobileCapabilityType.udid = 9TGA6TGIBEPJRS4T
2016-05-04 16:38:28 dev_log : [INFO] retrycount=2
2016-05-04 16:38:28 dev_log : [INFO] sourceCodeDir=src/test
2016-05-04 16:38:28 dev_log : [INFO] sourceCodeEncoding=UTF-8
2016-05-04 16:38:28 dev_log : [INFO] 当前日期:20160503
2016-05-04 16:38:28 dev_log : [INFO] 当前时间:1426
2016-05-04 16:38:28 dev_log : [INFO] MobileCapabilityType.filePath = apps
2016-05-04 16:38:28 dev_log : [INFO] MobileCapabilityType.appName = XiaonengChatDemo3.apk
2016-05-04 16:38:28 dev_log : [INFO] MobileCapabilityType.platformName = Android
2016-05-04 16:38:28 dev_log : [INFO] MobileCapabilityType.platformVersion = 4.4.2
2016-05-04 16:38:28 dev_log : [INFO] MobileCapabilityType.deviceName = 
2016-05-04 16:38:28 dev_log : [INFO] MobileCapabilityType.appPackage = com.example.androidsdk
2016-05-04 16:38:28 dev_log : [INFO] MobileCapabilityType.appActivity = com.example.androidsdk.MainActivity
2016-05-04 16:38:28 dev_log : [INFO] MobileCapabilityType.port = 5743
2016-05-04 16:38:28 dev_log : [INFO] MobileCapabilityType.udid = 9TGA6TGIBEPJRS4T
2016-05-04 16:44:05 dev_log : [INFO] retrycount=2
2016-05-04 16:44:05 dev_log : [INFO] sourceCodeDir=src/test
2016-05-04 16:44:05 dev_log : [INFO] sourceCodeEncoding=UTF-8
2016-05-04 16:44:05 dev_log : [INFO] 当前日期:20160503
2016-05-04 16:44:05 dev_log : [INFO] 当前时间:1426
2016-05-04 16:44:05 dev_log : [INFO] MobileCapabilityType.filePath = apps
2016-05-04 16:44:05 dev_log : [INFO] MobileCapabilityType.appName = XiaonengChatDemo3.apk
2016-05-04 16:44:05 dev_log : [INFO] MobileCapabilityType.platformName = Android
2016-05-04 16:44:05 dev_log : [INFO] MobileCapabilityType.platformVersion = 4.4.2
2016-05-04 16:44:05 dev_log : [INFO] MobileCapabilityType.deviceName = 
2016-05-04 16:44:05 dev_log : [INFO] MobileCapabilityType.appPackage = com.example.androidsdk
2016-05-04 16:44:05 dev_log : [INFO] MobileCapabilityType.appActivity = com.example.androidsdk.MainActivity
2016-05-04 16:44:05 dev_log : [INFO] MobileCapabilityType.port = 5743
2016-05-04 16:44:05 dev_log : [INFO] MobileCapabilityType.udid = 9TGA6TGIBEPJRS4T
2016-05-04 16:44:42 dev_log : [INFO] retrycount=2
2016-05-04 16:44:42 dev_log : [INFO] sourceCodeDir=src/test
2016-05-04 16:44:42 dev_log : [INFO] sourceCodeEncoding=UTF-8
2016-05-04 16:44:42 dev_log : [INFO] 当前日期:20160503
2016-05-04 16:44:42 dev_log : [INFO] 当前时间:1426
2016-05-04 16:44:42 dev_log : [INFO] MobileCapabilityType.filePath = apps
2016-05-04 16:44:42 dev_log : [INFO] MobileCapabilityType.appName = XiaonengChatDemo3.apk
2016-05-04 16:44:42 dev_log : [INFO] MobileCapabilityType.platformName = Android
2016-05-04 16:44:42 dev_log : [INFO] MobileCapabilityType.platformVersion = 4.4.2
2016-05-04 16:44:42 dev_log : [INFO] MobileCapabilityType.deviceName = 
2016-05-04 16:44:42 dev_log : [INFO] MobileCapabilityType.appPackage = com.example.androidsdk
2016-05-04 16:44:42 dev_log : [INFO] MobileCapabilityType.appActivity = com.example.androidsdk.MainActivity
2016-05-04 16:44:42 dev_log : [INFO] MobileCapabilityType.port = 5743
2016-05-04 16:44:42 dev_log : [INFO] MobileCapabilityType.udid = 9TGA6TGIBEPJRS4T
